Determining if the pthread_create exist failed with the following output:
Change Dir: /home/willson/turtlebot3_ws/src/turtlebot3/turtlebot3_simulations/turtlebot3_gazebo/models/turtlebot3_dqn_world/obstacle_plugin/build/CMakeFiles/CMakeTmp

Run Build Command:"/usr/bin/make" "cmTC_90c2c/fast"
/usr/bin/make -f CMakeFiles/cmTC_90c2c.dir/build.make CMakeFiles/cmTC_90c2c.dir/build
make[1]: Entering directory '/media/willson/Storage/005_Development/ROS2/release/turtlebot3_simulations/turtlebot3_gazebo/models/turtlebot3_dqn_world/obstacle_plugin/build/CMakeFiles/CMakeTmp'
Building C object CMakeFiles/cmTC_90c2c.dir/CheckSymbolExists.c.o
/usr/bin/cc    -o CMakeFiles/cmTC_90c2c.dir/CheckSymbolExists.c.o   -c /home/willson/turtlebot3_ws/src/turtlebot3/turtlebot3_simulations/turtlebot3_gazebo/models/turtlebot3_dqn_world/obstacle_plugin/build/CMakeFiles/CMakeTmp/CheckSymbolExists.c
Linking C executable cmTC_90c2c
/usr/bin/cmake -E cmake_link_script CMakeFiles/cmTC_90c2c.dir/link.txt --verbose=1
/usr/bin/cc      -rdynamic CMakeFiles/cmTC_90c2c.dir/CheckSymbolExists.c.o  -o cmTC_90c2c 
CMakeFiles/cmTC_90c2c.dir/CheckSymbolExists.c.o: In function `main':
CheckSymbolExists.c:(.text+0x1b): undefined reference to `pthread_create'
collect2: error: ld returned 1 exit status
CMakeFiles/cmTC_90c2c.dir/build.make:97: recipe for target 'cmTC_90c2c' failed
make[1]: *** [cmTC_90c2c] Error 1
make[1]: Leaving directory '/media/willson/Storage/005_Development/ROS2/release/turtlebot3_simulations/turtlebot3_gazebo/models/turtlebot3_dqn_world/obstacle_plugin/build/CMakeFiles/CMakeTmp'
Makefile:126: recipe for target 'cmTC_90c2c/fast' failed
make: *** [cmTC_90c2c/fast] Error 2

File /home/willson/turtlebot3_ws/src/turtlebot3/turtlebot3_simulations/turtlebot3_gazebo/models/turtlebot3_dqn_world/obstacle_plugin/build/CMakeFiles/CMakeTmp/CheckSymbolExists.c:
/* */
#include <pthread.h>

int main(int argc, char** argv)
{
  (void)argv;
#ifndef pthread_create
  return ((int*)(&pthread_create))[argc];
#else
  (void)argc;
  return 0;
#endif
}

Determining if the function pthread_create exists in the pthreads failed with the following output:
Change Dir: /home/willson/turtlebot3_ws/src/turtlebot3/turtlebot3_simulations/turtlebot3_gazebo/models/turtlebot3_dqn_world/obstacle_plugin/build/CMakeFiles/CMakeTmp

Run Build Command:"/usr/bin/make" "cmTC_0b433/fast"
/usr/bin/make -f CMakeFiles/cmTC_0b433.dir/build.make CMakeFiles/cmTC_0b433.dir/build
make[1]: Entering directory '/media/willson/Storage/005_Development/ROS2/release/turtlebot3_simulations/turtlebot3_gazebo/models/turtlebot3_dqn_world/obstacle_plugin/build/CMakeFiles/CMakeTmp'
Building C object CMakeFiles/cmTC_0b433.dir/CheckFunctionExists.c.o
/usr/bin/cc   -DCHECK_FUNCTION_EXISTS=pthread_create   -o CMakeFiles/cmTC_0b433.dir/CheckFunctionExists.c.o   -c /usr/share/cmake-3.10/Modules/CheckFunctionExists.c
Linking C executable cmTC_0b433
/usr/bin/cmake -E cmake_link_script CMakeFiles/cmTC_0b433.dir/link.txt --verbose=1
/usr/bin/cc  -DCHECK_FUNCTION_EXISTS=pthread_create    -rdynamic CMakeFiles/cmTC_0b433.dir/CheckFunctionExists.c.o  -o cmTC_0b433 -lpthreads 
/usr/bin/ld: cannot find -lpthreads
collect2: error: ld returned 1 exit status
CMakeFiles/cmTC_0b433.dir/build.make:97: recipe for target 'cmTC_0b433' failed
make[1]: *** [cmTC_0b433] Error 1
make[1]: Leaving directory '/media/willson/Storage/005_Development/ROS2/release/turtlebot3_simulations/turtlebot3_gazebo/models/turtlebot3_dqn_world/obstacle_plugin/build/CMakeFiles/CMakeTmp'
Makefile:126: recipe for target 'cmTC_0b433/fast' failed
make: *** [cmTC_0b433/fast] Error 2


